<?xml version="1.0" encoding="UTF-8"?>
<!-- Generated by org.testng.reporters.JUnitReportReporter -->
<testsuite hostname="LAPTOP-BTHT953O" name="com.parametertests.OrangeHRM" tests="1" failures="0" timestamp="17 Oct 2023 20:59:15 GMT" time="1.955" errors="1">
  <testcase name="orangehrm" time="1.955" classname="com.parametertests.OrangeHRM">
    <error type="org.openqa.selenium.SessionNotCreatedException" message="session not created: This version of ChromeDriver only supports Chrome version 116
Current browser version is 118.0.5993.71 with binary path C:\Program Files\Google\Chrome\Application\chrome.exe
Build info: version: &#039;3.141.59&#039;, revision: &#039;e82be7d358&#039;, time: &#039;2018-11-14T08:17:03&#039;
System info: host: &#039;LAPTOP-BTHT953O&#039;, ip: &#039;10.0.0.43&#039;, os.name: &#039;Windows 11&#039;, os.arch: &#039;amd64&#039;, os.version: &#039;10.0&#039;, java.version: &#039;1.8.0_381&#039;
Driver info: driver.version: ChromeDriver
remote stacktrace: 	GetHandleVerifier [0x00007FF7D2A552A2+57122]
	(No symbol) [0x00007FF7D29CEA92]
	(No symbol) [0x00007FF7D289E3AB]
	(No symbol) [0x00007FF7D28C9FF5]
	(No symbol) [0x00007FF7D28C5237]
	(No symbol) [0x00007FF7D28C2FE1]
	(No symbol) [0x00007FF7D28FEA4F]
	(No symbol) [0x00007FF7D28FE5B0]
	(No symbol) [0x00007FF7D28F6DB3]
	(No symbol) [0x00007FF7D28CD2B1]
	(No symbol) [0x00007FF7D28CE494]
	GetHandleVerifier [0x00007FF7D2CFEF82+2849794]
	GetHandleVerifier [0x00007FF7D2D51D24+3189156]
	GetHandleVerifier [0x00007FF7D2D4ACAF+3160367]
	GetHandleVerifier [0x00007FF7D2AE6D06+653702]
	(No symbol) [0x00007FF7D29DA208]
	(No symbol) [0x00007FF7D29D62C4]
	(No symbol) [0x00007FF7D29D63F6]
	(No symbol) [0x00007FF7D29C67A3]
	BaseThreadInitThunk [0x00007FFB3C43257D+29]
	RtlUserThreadStart [0x00007FFB3D80AA78+40]
">
      <![CDATA[org.openqa.selenium.SessionNotCreatedException: session not created: This version of ChromeDriver only supports Chrome version 116
Current browser version is 118.0.5993.71 with binary path C:\Program Files\Google\Chrome\Application\chrome.exe
Build info: version: '3.141.59', revision: 'e82be7d358', time: '2018-11-14T08:17:03'
System info: host: 'LAPTOP-BTHT953O', ip: '10.0.0.43', os.name: 'Windows 11', os.arch: 'amd64', os.version: '10.0', java.version: '1.8.0_381'
Driver info: driver.version: ChromeDriver
remote stacktrace: 	GetHandleVerifier [0x00007FF7D2A552A2+57122]
	(No symbol) [0x00007FF7D29CEA92]
	(No symbol) [0x00007FF7D289E3AB]
	(No symbol) [0x00007FF7D28C9FF5]
	(No symbol) [0x00007FF7D28C5237]
	(No symbol) [0x00007FF7D28C2FE1]
	(No symbol) [0x00007FF7D28FEA4F]
	(No symbol) [0x00007FF7D28FE5B0]
	(No symbol) [0x00007FF7D28F6DB3]
	(No symbol) [0x00007FF7D28CD2B1]
	(No symbol) [0x00007FF7D28CE494]
	GetHandleVerifier [0x00007FF7D2CFEF82+2849794]
	GetHandleVerifier [0x00007FF7D2D51D24+3189156]
	GetHandleVerifier [0x00007FF7D2D4ACAF+3160367]
	GetHandleVerifier [0x00007FF7D2AE6D06+653702]
	(No symbol) [0x00007FF7D29DA208]
	(No symbol) [0x00007FF7D29D62C4]
	(No symbol) [0x00007FF7D29D63F6]
	(No symbol) [0x00007FF7D29C67A3]
	BaseThreadInitThunk [0x00007FFB3C43257D+29]
	RtlUserThreadStart [0x00007FFB3D80AA78+40]

	at sun.reflect.NativeConstructorAccessorImpl.newInstance0(Native Method)
	at sun.reflect.NativeConstructorAccessorImpl.newInstance(Unknown Source)
	at sun.reflect.DelegatingConstructorAccessorImpl.newInstance(Unknown Source)
	at java.lang.reflect.Constructor.newInstance(Unknown Source)
	at org.openqa.selenium.remote.W3CHandshakeResponse.lambda$errorHandler$0(W3CHandshakeResponse.java:62)
	at org.openqa.selenium.remote.HandshakeResponse.lambda$getResponseFunction$0(HandshakeResponse.java:30)
	at org.openqa.selenium.remote.ProtocolHandshake.lambda$createSession$0(ProtocolHandshake.java:126)
	at java.util.stream.ReferencePipeline$3$1.accept(Unknown Source)
	at java.util.Spliterators$ArraySpliterator.tryAdvance(Unknown Source)
	at java.util.stream.ReferencePipeline.forEachWithCancel(Unknown Source)
	at java.util.stream.AbstractPipeline.copyIntoWithCancel(Unknown Source)
	at java.util.stream.AbstractPipeline.copyInto(Unknown Source)
	at java.util.stream.AbstractPipeline.wrapAndCopyInto(Unknown Source)
	at java.util.stream.FindOps$FindOp.evaluateSequential(Unknown Source)
	at java.util.stream.AbstractPipeline.evaluate(Unknown Source)
	at java.util.stream.ReferencePipeline.findFirst(Unknown Source)
	at org.openqa.selenium.remote.ProtocolHandshake.createSession(ProtocolHandshake.java:128)
	at org.openqa.selenium.remote.ProtocolHandshake.createSession(ProtocolHandshake.java:74)
	at org.openqa.selenium.remote.HttpCommandExecutor.execute(HttpCommandExecutor.java:136)
	at org.openqa.selenium.remote.service.DriverCommandExecutor.execute(DriverCommandExecutor.java:83)
	at org.openqa.selenium.remote.RemoteWebDriver.execute(RemoteWebDriver.java:552)
	at org.openqa.selenium.remote.RemoteWebDriver.startSession(RemoteWebDriver.java:213)
	at org.openqa.selenium.remote.RemoteWebDriver.<init>(RemoteWebDriver.java:131)
	at org.openqa.selenium.chrome.ChromeDriver.<init>(ChromeDriver.java:181)
	at org.openqa.selenium.chrome.ChromeDriver.<init>(ChromeDriver.java:168)
	at org.openqa.selenium.chrome.ChromeDriver.<init>(ChromeDriver.java:123)
	at com.parametertests.OrangeHRM.orangehrm(OrangeHRM.java:17)
	at sun.reflect.NativeMethodAccessorImpl.invoke0(Native Method)
	at sun.reflect.NativeMethodAccessorImpl.invoke(Unknown Source)
	at sun.reflect.DelegatingMethodAccessorImpl.invoke(Unknown Source)
	at java.lang.reflect.Method.invoke(Unknown Source)
	at org.testng.internal.MethodInvocationHelper.invokeMethod(MethodInvocationHelper.java:86)
	at org.testng.internal.Invoker.invokeMethod(Invoker.java:646)
	at org.testng.internal.Invoker.invokeTestMethod(Invoker.java:823)
	at org.testng.internal.Invoker.invokeTestMethods(Invoker.java:1131)
	at org.testng.internal.TestMethodWorker.invokeTestMethods(TestMethodWorker.java:129)
	at org.testng.internal.TestMethodWorker.run(TestMethodWorker.java:112)
	at org.testng.TestRunner.privateRun(TestRunner.java:778)
	at org.testng.TestRunner.run(TestRunner.java:632)
	at org.testng.SuiteRunner.runTest(SuiteRunner.java:366)
	at org.testng.SuiteRunner.runSequentially(SuiteRunner.java:361)
	at org.testng.SuiteRunner.privateRun(SuiteRunner.java:319)
	at org.testng.SuiteRunner.run(SuiteRunner.java:268)
	at org.testng.SuiteRunnerWorker.runSuite(SuiteRunnerWorker.java:52)
	at org.testng.SuiteRunnerWorker.run(SuiteRunnerWorker.java:86)
	at org.testng.TestNG.runSuitesSequentially(TestNG.java:1225)
	at org.testng.TestNG.runSuitesLocally(TestNG.java:1150)
	at org.testng.TestNG.runSuites(TestNG.java:1075)
	at org.testng.TestNG.run(TestNG.java:1047)
	at org.testng.remote.AbstractRemoteTestNG.run(AbstractRemoteTestNG.java:126)
	at org.testng.remote.RemoteTestNG.initAndRun(RemoteTestNG.java:137)
	at org.testng.remote.RemoteTestNG.main(RemoteTestNG.java:58)
]]>
    </error>
  </testcase> <!-- orangehrm -->
</testsuite> <!-- com.parametertests.OrangeHRM -->
